TN:
SF:src\presentation\helpers\http-response.js
FN:5,badRequest
FN:12,serverError
FN:18,unauthorizedError
FN:25,ok
FNF:4
FNH:4
FNDA:2,badRequest
FNDA:4,serverError
FNDA:2,unauthorizedError
FNDA:1,ok
DA:1,1
DA:2,1
DA:3,1
DA:4,1
DA:5,1
DA:6,2
DA:7,2
DA:8,2
DA:9,2
DA:10,2
DA:11,1
DA:12,1
DA:13,4
DA:14,4
DA:15,4
DA:16,4
DA:17,1
DA:18,1
DA:19,2
DA:20,2
DA:21,2
DA:22,2
DA:23,2
DA:24,1
DA:25,1
DA:26,1
DA:27,1
DA:28,1
DA:29,1
DA:30,1
LF:30
LH:30
BRF:0
BRH:0
end_of_record
TN:
SF:src\presentation\helpers\missing-param-error.js
FN:2,MissingParamError
FNF:1
FNH:1
FNDA:4,MissingParamError
DA:1,1
DA:2,1
DA:3,4
DA:4,4
DA:5,4
DA:6,1
LF:6
LH:6
BRF:0
BRH:0
end_of_record
TN:
SF:src\presentation\helpers\unauthorized-error.js
FN:2,UnauthorizedError
FNF:1
FNH:1
FNDA:3,UnauthorizedError
DA:1,1
DA:2,1
DA:3,3
DA:4,3
DA:5,3
DA:6,1
LF:6
LH:6
BRF:0
BRH:0
end_of_record
TN:
SF:src\presentation\routers\login-router.js
FN:4,LoginRouter
FN:8,route
FNF:2
FNH:2
FNDA:9,LoginRouter
FNDA:9,route
DA:1,1
DA:2,1
DA:3,1
DA:4,1
DA:5,9
DA:6,9
DA:7,1
DA:8,1
DA:9,9
DA:10,9
DA:11,9
DA:12,9
DA:13,9
DA:14,9
DA:15,9
DA:16,9
DA:17,9
DA:18,9
DA:19,9
DA:20,9
DA:21,9
DA:22,9
DA:23,9
DA:24,9
DA:25,9
DA:26,1
LF:26
LH:26
BRF:0
BRH:0
end_of_record
